<?xml version="1.0" encoding="UTF-8"?>
<testsuite xmlns:xsi="http://www.w3.org/2001/XMLSchema-instance" xsi:noNamespaceSchemaLocation="https://maven.apache.org/surefire/maven-surefire-plugin/xsd/surefire-test-report.xsd" name="com.example.AppTest" time="4.207" tests="1" errors="0" skipped="0" failures="0">
  <properties>
    <property name="java.specification.version" value="21"/>
    <property name="sun.cpu.isalist" value="amd64"/>
    <property name="sun.jnu.encoding" value="UTF-8"/>
    <property name="java.class.path" value="C:\Users\ruoji\XOTools\target\test-classes;C:\Users\ruoji\XOTools\target\classes;d:\Xrepository\mvnRepo\org\springframework\boot\spring-boot-starter-jdbc\2.7.0\spring-boot-starter-jdbc-2.7.0.jar;d:\Xrepository\mvnRepo\org\springframework\boot\spring-boot-starter\2.7.0\spring-boot-starter-2.7.0.jar;d:\Xrepository\mvnRepo\org\springframework\boot\spring-boot\2.7.0\spring-boot-2.7.0.jar;d:\Xrepository\mvnRepo\org\springframework\boot\spring-boot-autoconfigure\2.7.0\spring-boot-autoconfigure-2.7.0.jar;d:\Xrepository\mvnRepo\org\springframework\boot\spring-boot-starter-logging\2.7.0\spring-boot-starter-logging-2.7.0.jar;d:\Xrepository\mvnRepo\ch\qos\logback\logback-classic\1.2.11\logback-classic-1.2.11.jar;d:\Xrepository\mvnRepo\ch\qos\logback\logback-core\1.2.11\logback-core-1.2.11.jar;d:\Xrepository\mvnRepo\org\apache\logging\log4j\log4j-to-slf4j\2.17.2\log4j-to-slf4j-2.17.2.jar;d:\Xrepository\mvnRepo\org\apache\logging\log4j\log4j-api\2.17.2\log4j-api-2.17.2.jar;d:\Xrepository\mvnRepo\org\slf4j\jul-to-slf4j\1.7.36\jul-to-slf4j-1.7.36.jar;d:\Xrepository\mvnRepo\jakarta\annotation\jakarta.annotation-api\1.3.5\jakarta.annotation-api-1.3.5.jar;d:\Xrepository\mvnRepo\org\yaml\snakeyaml\1.30\snakeyaml-1.30.jar;d:\Xrepository\mvnRepo\com\zaxxer\HikariCP\4.0.3\HikariCP-4.0.3.jar;d:\Xrepository\mvnRepo\org\slf4j\slf4j-api\1.7.36\slf4j-api-1.7.36.jar;d:\Xrepository\mvnRepo\org\springframework\spring-jdbc\5.3.20\spring-jdbc-5.3.20.jar;d:\Xrepository\mvnRepo\org\springframework\spring-beans\5.3.20\spring-beans-5.3.20.jar;d:\Xrepository\mvnRepo\org\springframework\spring-tx\5.3.20\spring-tx-5.3.20.jar;d:\Xrepository\mvnRepo\com\h2database\h2\2.1.212\h2-2.1.212.jar;d:\Xrepository\mvnRepo\org\springframework\boot\spring-boot-starter-test\2.7.0\spring-boot-starter-test-2.7.0.jar;d:\Xrepository\mvnRepo\org\springframework\boot\spring-boot-test\2.7.0\spring-boot-test-2.7.0.jar;d:\Xrepository\mvnRepo\org\springframework\boot\spring-boot-test-autoconfigure\2.7.0\spring-boot-test-autoconfigure-2.7.0.jar;d:\Xrepository\mvnRepo\com\jayway\jsonpath\json-path\2.7.0\json-path-2.7.0.jar;d:\Xrepository\mvnRepo\net\minidev\json-smart\2.4.8\json-smart-2.4.8.jar;d:\Xrepository\mvnRepo\net\minidev\accessors-smart\2.4.8\accessors-smart-2.4.8.jar;d:\Xrepository\mvnRepo\org\ow2\asm\asm\9.1\asm-9.1.jar;d:\Xrepository\mvnRepo\jakarta\xml\bind\jakarta.xml.bind-api\2.3.3\jakarta.xml.bind-api-2.3.3.jar;d:\Xrepository\mvnRepo\jakarta\activation\jakarta.activation-api\1.2.2\jakarta.activation-api-1.2.2.jar;d:\Xrepository\mvnRepo\org\assertj\assertj-core\3.22.0\assertj-core-3.22.0.jar;d:\Xrepository\mvnRepo\org\hamcrest\hamcrest\2.2\hamcrest-2.2.jar;d:\Xrepository\mvnRepo\org\junit\jupiter\junit-jupiter\5.8.2\junit-jupiter-5.8.2.jar;d:\Xrepository\mvnRepo\org\junit\jupiter\junit-jupiter-api\5.8.2\junit-jupiter-api-5.8.2.jar;d:\Xrepository\mvnRepo\org\opentest4j\opentest4j\1.2.0\opentest4j-1.2.0.jar;d:\Xrepository\mvnRepo\org\junit\platform\junit-platform-commons\1.8.2\junit-platform-commons-1.8.2.jar;d:\Xrepository\mvnRepo\org\apiguardian\apiguardian-api\1.1.2\apiguardian-api-1.1.2.jar;d:\Xrepository\mvnRepo\org\junit\jupiter\junit-jupiter-params\5.8.2\junit-jupiter-params-5.8.2.jar;d:\Xrepository\mvnRepo\org\junit\jupiter\junit-jupiter-engine\5.8.2\junit-jupiter-engine-5.8.2.jar;d:\Xrepository\mvnRepo\org\junit\platform\junit-platform-engine\1.8.2\junit-platform-engine-1.8.2.jar;d:\Xrepository\mvnRepo\org\mockito\mockito-core\4.5.1\mockito-core-4.5.1.jar;d:\Xrepository\mvnRepo\net\bytebuddy\byte-buddy\1.12.10\byte-buddy-1.12.10.jar;d:\Xrepository\mvnRepo\net\bytebuddy\byte-buddy-agent\1.12.10\byte-buddy-agent-1.12.10.jar;d:\Xrepository\mvnRepo\org\objenesis\objenesis\3.2\objenesis-3.2.jar;d:\Xrepository\mvnRepo\org\mockito\mockito-junit-jupiter\4.5.1\mockito-junit-jupiter-4.5.1.jar;d:\Xrepository\mvnRepo\org\skyscreamer\jsonassert\1.5.0\jsonassert-1.5.0.jar;d:\Xrepository\mvnRepo\com\vaadin\external\google\android-json\0.0.20131108.vaadin1\android-json-0.0.20131108.vaadin1.jar;d:\Xrepository\mvnRepo\org\springframework\spring-core\5.3.20\spring-core-5.3.20.jar;d:\Xrepository\mvnRepo\org\springframework\spring-jcl\5.3.20\spring-jcl-5.3.20.jar;d:\Xrepository\mvnRepo\org\springframework\spring-test\5.3.20\spring-test-5.3.20.jar;d:\Xrepository\mvnRepo\org\xmlunit\xmlunit-core\2.9.0\xmlunit-core-2.9.0.jar;d:\Xrepository\mvnRepo\org\springframework\boot\spring-boot-starter-web\2.7.0\spring-boot-starter-web-2.7.0.jar;d:\Xrepository\mvnRepo\org\springframework\boot\spring-boot-starter-json\2.7.0\spring-boot-starter-json-2.7.0.jar;d:\Xrepository\mvnRepo\com\fasterxml\jackson\core\jackson-databind\2.13.3\jackson-databind-2.13.3.jar;d:\Xrepository\mvnRepo\com\fasterxml\jackson\core\jackson-annotations\2.13.3\jackson-annotations-2.13.3.jar;d:\Xrepository\mvnRepo\com\fasterxml\jackson\core\jackson-core\2.13.3\jackson-core-2.13.3.jar;d:\Xrepository\mvnRepo\com\fasterxml\jackson\datatype\jackson-datatype-jdk8\2.13.3\jackson-datatype-jdk8-2.13.3.jar;d:\Xrepository\mvnRepo\com\fasterxml\jackson\datatype\jackson-datatype-jsr310\2.13.3\jackson-datatype-jsr310-2.13.3.jar;d:\Xrepository\mvnRepo\com\fasterxml\jackson\module\jackson-module-parameter-names\2.13.3\jackson-module-parameter-names-2.13.3.jar;d:\Xrepository\mvnRepo\org\springframework\boot\spring-boot-starter-tomcat\2.7.0\spring-boot-starter-tomcat-2.7.0.jar;d:\Xrepository\mvnRepo\org\apache\tomcat\embed\tomcat-embed-core\9.0.63\tomcat-embed-core-9.0.63.jar;d:\Xrepository\mvnRepo\org\apache\tomcat\embed\tomcat-embed-el\9.0.63\tomcat-embed-el-9.0.63.jar;d:\Xrepository\mvnRepo\org\apache\tomcat\embed\tomcat-embed-websocket\9.0.63\tomcat-embed-websocket-9.0.63.jar;d:\Xrepository\mvnRepo\org\springframework\spring-web\5.3.20\spring-web-5.3.20.jar;d:\Xrepository\mvnRepo\org\springframework\spring-webmvc\5.3.20\spring-webmvc-5.3.20.jar;d:\Xrepository\mvnRepo\org\springframework\spring-aop\5.3.20\spring-aop-5.3.20.jar;d:\Xrepository\mvnRepo\org\springframework\spring-context\5.3.20\spring-context-5.3.20.jar;d:\Xrepository\mvnRepo\org\springframework\spring-expression\5.3.20\spring-expression-5.3.20.jar;"/>
    <property name="java.vm.vendor" value="Oracle Corporation"/>
    <property name="sun.arch.data.model" value="64"/>
    <property name="user.variant" value=""/>
    <property name="java.vendor.url" value="https://java.oracle.com/"/>
    <property name="user.timezone" value="Asia/Shanghai"/>
    <property name="os.name" value="Windows 11"/>
    <property name="java.vm.specification.version" value="21"/>
    <property name="sun.java.launcher" value="SUN_STANDARD"/>
    <property name="user.country" value="CN"/>
    <property name="sun.boot.library.path" value="D:\Program Files\Java\jdk-21\bin"/>
    <property name="sun.java.command" value="C:\Users\ruoji\AppData\Local\Temp\surefire16475010787153494407\surefirebooter9280373376738792236.jar C:\Users\ruoji\AppData\Local\Temp\surefire16475010787153494407 2025-07-07T12-32-13_028-jvmRun1 surefire6606387510466491649tmp surefire_012930378109198808484tmp"/>
    <property name="jdk.debug" value="release"/>
    <property name="surefire.test.class.path" value="C:\Users\ruoji\XOTools\target\test-classes;C:\Users\ruoji\XOTools\target\classes;d:\Xrepository\mvnRepo\org\springframework\boot\spring-boot-starter-jdbc\2.7.0\spring-boot-starter-jdbc-2.7.0.jar;d:\Xrepository\mvnRepo\org\springframework\boot\spring-boot-starter\2.7.0\spring-boot-starter-2.7.0.jar;d:\Xrepository\mvnRepo\org\springframework\boot\spring-boot\2.7.0\spring-boot-2.7.0.jar;d:\Xrepository\mvnRepo\org\springframework\boot\spring-boot-autoconfigure\2.7.0\spring-boot-autoconfigure-2.7.0.jar;d:\Xrepository\mvnRepo\org\springframework\boot\spring-boot-starter-logging\2.7.0\spring-boot-starter-logging-2.7.0.jar;d:\Xrepository\mvnRepo\ch\qos\logback\logback-classic\1.2.11\logback-classic-1.2.11.jar;d:\Xrepository\mvnRepo\ch\qos\logback\logback-core\1.2.11\logback-core-1.2.11.jar;d:\Xrepository\mvnRepo\org\apache\logging\log4j\log4j-to-slf4j\2.17.2\log4j-to-slf4j-2.17.2.jar;d:\Xrepository\mvnRepo\org\apache\logging\log4j\log4j-api\2.17.2\log4j-api-2.17.2.jar;d:\Xrepository\mvnRepo\org\slf4j\jul-to-slf4j\1.7.36\jul-to-slf4j-1.7.36.jar;d:\Xrepository\mvnRepo\jakarta\annotation\jakarta.annotation-api\1.3.5\jakarta.annotation-api-1.3.5.jar;d:\Xrepository\mvnRepo\org\yaml\snakeyaml\1.30\snakeyaml-1.30.jar;d:\Xrepository\mvnRepo\com\zaxxer\HikariCP\4.0.3\HikariCP-4.0.3.jar;d:\Xrepository\mvnRepo\org\slf4j\slf4j-api\1.7.36\slf4j-api-1.7.36.jar;d:\Xrepository\mvnRepo\org\springframework\spring-jdbc\5.3.20\spring-jdbc-5.3.20.jar;d:\Xrepository\mvnRepo\org\springframework\spring-beans\5.3.20\spring-beans-5.3.20.jar;d:\Xrepository\mvnRepo\org\springframework\spring-tx\5.3.20\spring-tx-5.3.20.jar;d:\Xrepository\mvnRepo\com\h2database\h2\2.1.212\h2-2.1.212.jar;d:\Xrepository\mvnRepo\org\springframework\boot\spring-boot-starter-test\2.7.0\spring-boot-starter-test-2.7.0.jar;d:\Xrepository\mvnRepo\org\springframework\boot\spring-boot-test\2.7.0\spring-boot-test-2.7.0.jar;d:\Xrepository\mvnRepo\org\springframework\boot\spring-boot-test-autoconfigure\2.7.0\spring-boot-test-autoconfigure-2.7.0.jar;d:\Xrepository\mvnRepo\com\jayway\jsonpath\json-path\2.7.0\json-path-2.7.0.jar;d:\Xrepository\mvnRepo\net\minidev\json-smart\2.4.8\json-smart-2.4.8.jar;d:\Xrepository\mvnRepo\net\minidev\accessors-smart\2.4.8\accessors-smart-2.4.8.jar;d:\Xrepository\mvnRepo\org\ow2\asm\asm\9.1\asm-9.1.jar;d:\Xrepository\mvnRepo\jakarta\xml\bind\jakarta.xml.bind-api\2.3.3\jakarta.xml.bind-api-2.3.3.jar;d:\Xrepository\mvnRepo\jakarta\activation\jakarta.activation-api\1.2.2\jakarta.activation-api-1.2.2.jar;d:\Xrepository\mvnRepo\org\assertj\assertj-core\3.22.0\assertj-core-3.22.0.jar;d:\Xrepository\mvnRepo\org\hamcrest\hamcrest\2.2\hamcrest-2.2.jar;d:\Xrepository\mvnRepo\org\junit\jupiter\junit-jupiter\5.8.2\junit-jupiter-5.8.2.jar;d:\Xrepository\mvnRepo\org\junit\jupiter\junit-jupiter-api\5.8.2\junit-jupiter-api-5.8.2.jar;d:\Xrepository\mvnRepo\org\opentest4j\opentest4j\1.2.0\opentest4j-1.2.0.jar;d:\Xrepository\mvnRepo\org\junit\platform\junit-platform-commons\1.8.2\junit-platform-commons-1.8.2.jar;d:\Xrepository\mvnRepo\org\apiguardian\apiguardian-api\1.1.2\apiguardian-api-1.1.2.jar;d:\Xrepository\mvnRepo\org\junit\jupiter\junit-jupiter-params\5.8.2\junit-jupiter-params-5.8.2.jar;d:\Xrepository\mvnRepo\org\junit\jupiter\junit-jupiter-engine\5.8.2\junit-jupiter-engine-5.8.2.jar;d:\Xrepository\mvnRepo\org\junit\platform\junit-platform-engine\1.8.2\junit-platform-engine-1.8.2.jar;d:\Xrepository\mvnRepo\org\mockito\mockito-core\4.5.1\mockito-core-4.5.1.jar;d:\Xrepository\mvnRepo\net\bytebuddy\byte-buddy\1.12.10\byte-buddy-1.12.10.jar;d:\Xrepository\mvnRepo\net\bytebuddy\byte-buddy-agent\1.12.10\byte-buddy-agent-1.12.10.jar;d:\Xrepository\mvnRepo\org\objenesis\objenesis\3.2\objenesis-3.2.jar;d:\Xrepository\mvnRepo\org\mockito\mockito-junit-jupiter\4.5.1\mockito-junit-jupiter-4.5.1.jar;d:\Xrepository\mvnRepo\org\skyscreamer\jsonassert\1.5.0\jsonassert-1.5.0.jar;d:\Xrepository\mvnRepo\com\vaadin\external\google\android-json\0.0.20131108.vaadin1\android-json-0.0.20131108.vaadin1.jar;d:\Xrepository\mvnRepo\org\springframework\spring-core\5.3.20\spring-core-5.3.20.jar;d:\Xrepository\mvnRepo\org\springframework\spring-jcl\5.3.20\spring-jcl-5.3.20.jar;d:\Xrepository\mvnRepo\org\springframework\spring-test\5.3.20\spring-test-5.3.20.jar;d:\Xrepository\mvnRepo\org\xmlunit\xmlunit-core\2.9.0\xmlunit-core-2.9.0.jar;d:\Xrepository\mvnRepo\org\springframework\boot\spring-boot-starter-web\2.7.0\spring-boot-starter-web-2.7.0.jar;d:\Xrepository\mvnRepo\org\springframework\boot\spring-boot-starter-json\2.7.0\spring-boot-starter-json-2.7.0.jar;d:\Xrepository\mvnRepo\com\fasterxml\jackson\core\jackson-databind\2.13.3\jackson-databind-2.13.3.jar;d:\Xrepository\mvnRepo\com\fasterxml\jackson\core\jackson-annotations\2.13.3\jackson-annotations-2.13.3.jar;d:\Xrepository\mvnRepo\com\fasterxml\jackson\core\jackson-core\2.13.3\jackson-core-2.13.3.jar;d:\Xrepository\mvnRepo\com\fasterxml\jackson\datatype\jackson-datatype-jdk8\2.13.3\jackson-datatype-jdk8-2.13.3.jar;d:\Xrepository\mvnRepo\com\fasterxml\jackson\datatype\jackson-datatype-jsr310\2.13.3\jackson-datatype-jsr310-2.13.3.jar;d:\Xrepository\mvnRepo\com\fasterxml\jackson\module\jackson-module-parameter-names\2.13.3\jackson-module-parameter-names-2.13.3.jar;d:\Xrepository\mvnRepo\org\springframework\boot\spring-boot-starter-tomcat\2.7.0\spring-boot-starter-tomcat-2.7.0.jar;d:\Xrepository\mvnRepo\org\apache\tomcat\embed\tomcat-embed-core\9.0.63\tomcat-embed-core-9.0.63.jar;d:\Xrepository\mvnRepo\org\apache\tomcat\embed\tomcat-embed-el\9.0.63\tomcat-embed-el-9.0.63.jar;d:\Xrepository\mvnRepo\org\apache\tomcat\embed\tomcat-embed-websocket\9.0.63\tomcat-embed-websocket-9.0.63.jar;d:\Xrepository\mvnRepo\org\springframework\spring-web\5.3.20\spring-web-5.3.20.jar;d:\Xrepository\mvnRepo\org\springframework\spring-webmvc\5.3.20\spring-webmvc-5.3.20.jar;d:\Xrepository\mvnRepo\org\springframework\spring-aop\5.3.20\spring-aop-5.3.20.jar;d:\Xrepository\mvnRepo\org\springframework\spring-context\5.3.20\spring-context-5.3.20.jar;d:\Xrepository\mvnRepo\org\springframework\spring-expression\5.3.20\spring-expression-5.3.20.jar;"/>
    <property name="sun.cpu.endian" value="little"/>
    <property name="user.home" value="C:\Users\ruoji"/>
    <property name="user.language" value="zh"/>
    <property name="java.specification.vendor" value="Oracle Corporation"/>
    <property name="java.version.date" value="2024-10-15"/>
    <property name="java.home" value="D:\Program Files\Java\jdk-21"/>
    <property name="file.separator" value="\"/>
    <property name="basedir" value="C:\Users\ruoji\XOTools"/>
    <property name="java.vm.compressedOopsMode" value="Zero based"/>
    <property name="line.separator" value="&#10;"/>
    <property name="java.vm.specification.vendor" value="Oracle Corporation"/>
    <property name="java.specification.name" value="Java Platform API Specification"/>
    <property name="surefire.real.class.path" value="C:\Users\ruoji\AppData\Local\Temp\surefire16475010787153494407\surefirebooter9280373376738792236.jar"/>
    <property name="user.script" value=""/>
    <property name="sun.management.compiler" value="HotSpot 64-Bit Tiered Compilers"/>
    <property name="java.runtime.version" value="21.0.5+9-LTS-239"/>
    <property name="user.name" value="ruoji"/>
    <property name="stdout.encoding" value="UTF-8"/>
    <property name="path.separator" value=";"/>
    <property name="os.version" value="10.0"/>
    <property name="java.runtime.name" value="Java(TM) SE Runtime Environment"/>
    <property name="file.encoding" value="UTF-8"/>
    <property name="java.vm.name" value="Java HotSpot(TM) 64-Bit Server VM"/>
    <property name="localRepository" value="d:\Xrepository\mvnRepo"/>
    <property name="java.vendor.url.bug" value="https://bugreport.java.com/bugreport/"/>
    <property name="java.io.tmpdir" value="C:\Users\ruoji\AppData\Local\Temp\"/>
    <property name="java.version" value="21.0.5"/>
    <property name="user.dir" value="C:\Users\ruoji\XOTools"/>
    <property name="os.arch" value="amd64"/>
    <property name="java.vm.specification.name" value="Java Virtual Machine Specification"/>
    <property name="sun.os.patch.level" value=""/>
    <property name="native.encoding" value="UTF-8"/>
    <property name="java.library.path" value="D:\Program Files\Java\jdk-21\bin;C:\WINDOWS\Sun\Java\bin;C:\WINDOWS\system32;C:\WINDOWS;C:\WINDOWS\system32;C:\WINDOWS;C:\WINDOWS\System32\Wbem;C:\WINDOWS\System32\WindowsPowerShell\v1.0\;C:\WINDOWS\System32\OpenSSH\;C:\Program Files\dotnet\;D:\BaiduSyncdisk\Xscripts;C:\Program Files\Microsoft SQL Server\150\Tools\Binn\;C:\Users\ruoji\.gradle\wrapper\dists\gradle-8.4-bin\cnqr4qbc93ir6sp626e40kx2s\gradle-8.4\bin\;C:\Users\ruoji\AppData\Local\Programs\Python\Python312\;C:\Users\ruoji\AppData\Local\Programs\Python\Python312\Scripts\;D:\Program Files\ffmpeg-7.1-essentials_build\bin;D:\Program Files\apache-maven-3.9.4\bin\;C:\Program Files\Git\cmd;D:\Program Files\wkhtmltopdf\bin\;D:\Program Files\gradle-7.5.1\bin;D:\Program Files\Java\jdk-21\bin;C:\Program Files\7-Zip\;;d:\Program Files (x86)\cursor\resources\app\bin;C:\Program Files\nodejs\;C:\Program Files\Docker\Docker\resources\bin;C:\Users\ruoji\AppData\Local\Programs\Python\Launcher\;C:\Users\ruoji\AppData\Local\Microsoft\WindowsApps;C:\WINDOWS\System32\Wbem;D:\Program Files\Microsoft VS Code\bin;d:\Program Files\JetBrains\IntelliJ IDEA Community Edition 2024.2.3\bin;;C:\Users\ruoji\AppData\Local\GitHubDesktop\bin;D:\Program Files (x86)\cursor\resources\app\bin;C:\Users\ruoji\AppData\Roaming\npm;C:\Users\ruoji\AppData\Local\Microsoft\WinGet\Links;;."/>
    <property name="java.vm.info" value="mixed mode, sharing"/>
    <property name="stderr.encoding" value="UTF-8"/>
    <property name="java.vendor" value="Oracle Corporation"/>
    <property name="java.vm.version" value="21.0.5+9-LTS-239"/>
    <property name="sun.io.unicode.encoding" value="UnicodeLittle"/>
    <property name="java.class.version" value="65.0"/>
  </properties>
  <testcase name="contextLoads" classname="com.example.AppTest" time="0.332"/>
</testsuite>